<?xml version="1.0" encoding="UTF-8"?>
<Site BuildName="(empty)"
	BuildStamp="20241208-0012-Experimental"
	Name="(empty)"
	Generator="ctest-3.30.4"
	CompilerName=""
	CompilerVersion=""
	OSName="macOS"
	Hostname="MacBook-Pro.local"
	OSRelease="15.1.1"
	OSVersion="24B91"
	OSPlatform="x86_64"
	Is64Bits="1"
	VendorString="GenuineIntel"
	VendorID="Intel Corporation"
	FamilyID="6"
	ModelID="158"
	ProcessorCacheSize="32768"
	NumberOfLogicalCPU="12"
	NumberOfPhysicalCPU="6"
	TotalVirtualMemory="0"
	TotalPhysicalMemory="32768"
	LogicalProcessorsPerPhysical="8"
	ProcessorClockFrequency="2600"
	>
	<Testing>
		<StartDateTime>Dec 07 17:48 MST</StartDateTime>
		<StartTestTime>1733618887</StartTestTime>
		<TestList/>
		<EndDateTime>Dec 07 17:48 MST</EndDateTime>
		<EndTestTime>1733618887</EndTestTime>
		<ElapsedMinutes>0</ElapsedMinutes>
	</Testing>
</Site>
